[  0%] Built target XrdVersion.hh
[ 18%] Built target XrdUtils
[ 20%] Built target XrdXml
[ 29%] Built target XrdCl
[ 44%] Built target XrdServer
[ 44%] Built target xrdpfc_print
[ 45%] Built target XrdCnsLib
[ 45%] Built target cns_ssi
[ 47%] Built target XrdCrypto
[ 48%] Built target XrdHttpUtils
[ 50%] Built target XrdHttpTPC-4
[ 51%] Built target XrdBlacklistDecision-4
[ 54%] Built target XrdSsiLib
[ 54%] Built target XrdSsiLog-4
[ 56%] Built target XrdSsi-4
[ 57%] Built target XrdSsiShMap
[ 58%] Built target XrdThrottle-4
[ 59%] Built target XrdSecgsiAUTHZVO-4
[ 60%] Built target XrdCryptoLite
[ 61%] Built target XrdSecsss-4
[ 61%] Built target XrdOssSIgpfsT-4
[ 61%] Built target XrdXrootd-4
[ 65%] Built target XrdClient
[ 67%] Built target XrdFrm
[ 67%] Built target frm_xfrd
[ 68%] Built target XrdSecProt-4
[ 69%] Built target XrdCryptossl-4
[ 69%] Built target XrdSecpwd-4
[ 69%] Built target XrdClProxyPlugin-4
[ 69%] Built target XrdHttp-4
[ 69%] Built target XrdAppUtils
[ 70%] Built target xrdcp-old
[ 71%] Built target xrdmapc
[ 71%] Built target XrdSecunix-4
[ 71%] Built target xrdpwdadmin
[ 72%] Built target mpxstats
[ 72%] Built target xrdacctest
[ 72%] Built target XrdCksCalczcrc32-4
[ 73%] Built target xrdqstats
[ 76%] Built target XrdPosix
[ 77%] Built target xrdadler32
[ 77%] Built target XrdN2No2p-4
[ 77%] Built target XrdSecgsiGMAPDN-4
[ 77%] Built target xrdgsitest
[ 79%] Built target XrdCnsd
[ 80%] Built target xrd
[ 80%] Built target xprep
[ 80%] Built target XrdSecgsi-4
[ 81%] Built target xrdgsiproxy
[ 82%] Built target XrdBwm-4
[ 87%] Built target cmsd
[ 88%] Built target XrdSec-4
[ 88%] Built target wait41
[ 90%] Built target frm_admin
[ 91%] Built target cconfig
[ 92%] Built target xrdstagetool
[ 92%] Built target frm_xfragent
[ 94%] Built target XrdFileCache-4
[ 94%] Built target xrdsssadmin
[ 95%] Built target frm_purged
[ 96%] Built target XrdPosixPreload
[ 97%] Built target xrootd
[ 99%] Built target XrdFfs
[100%] Built target XrdPss-4
[100%] Built target xrdcp
[100%] Built target xrdfs
Install the project...
-- Install configuration: "RelWithDebInfo"
-- Installing: /content/root_src/root_build/lib/libXrdUtils.so.2.0.0
-- Installing: /content/root_src/root_build/lib/libXrdUtils.so.2
-- Set runtime path of "/content/root_src/root_build/lib/libXrdUtils.so.2.0.0" to "/content/root_src/root_build/lib"
-- Installing: /content/root_src/root_build/lib/libXrdUtils.so
-- Installing: /content/root_src/root_build/lib/libXrdAppUtils.so.1.0.0
-- Installing: /content/root_src/root_build/lib/libXrdAppUtils.so.1
-- Set runtime path of "/content/root_src/root_build/lib/libXrdAppUtils.so.1.0.0" to "/content/root_src/root_build/lib"
-- Installing: /content/root_src/root_build/lib/libXrdAppUtils.so
-- Installing: /content/root_src/root_build/lib/libXrdClProxyPlugin-4.so
-- Set runtime path of "/content/root_src/root_build/lib/libXrdClProxyPlugin-4.so" to "/content/root_src/root_build/lib"
-- Installing: /content/root_src/root_build/bin/xrdacctest
-- Set runtime path of "/content/root_src/root_build/bin/xrdacctest" to "/content/root_src/root_build/lib"
-- Installing: /content/root_src/root_build/bin/xrdadler32
-- Set runtime path of "/content/root_src/root_build/bin/xrdadler32" to "/content/root_src/root_build/lib"
-- Installing: /content/root_src/root_build/bin/xrdcp-old
-- Set runtime path of "/content/root_src/root_build/bin/xrdcp-old" to "/content/root_src/root_build/lib"
-- Installing: /content/root_src/root_build/bin/cconfig
-- Set runtime path of "/content/root_src/root_build/bin/cconfig" to "/content/root_src/root_build/lib"
-- Installing: /content/root_src/root_build/bin/mpxstats
-- Set runtime path of "/content/root_src/root_build/bin/mpxstats" to "/content/root_src/root_build/lib"
-- Installing: /content/root_src/root_build/bin/wait41
-- Set runtime path of "/content/root_src/root_build/bin/wait41" to "/content/root_src/root_build/lib"
-- Installing: /content/root_src/root_build/bin/xrdmapc
-- Set runtime path of "/content/root_src/root_build/bin/xrdmapc" to "/content/root_src/root_build/lib"
-- Installing: /content/root_src/root_build/share/man/man1/xrdadler32.1
-- Installing: /content/root_src/root_build/share/man/man1/xrdcp-old.1
-- Installing: /content/root_src/root_build/share/man/man8/mpxstats.8
-- Installing: /content/root_src/root_build/lib/libXrdCrypto.so.1.0.0
-- Installing: /content/root_src/root_build/lib/libXrdCrypto.so.1
-- Set runtime path of "/content/root_src/root_build/lib/libXrdCrypto.so.1.0.0" to "/content/root_src/root_build/lib"
-- Installing: /content/root_src/root_build/lib/libXrdCrypto.so
-- Installing: /content/root_src/root_build/lib/libXrdCryptoLite.so.1.0.0
-- Installing: /content/root_src/root_build/lib/libXrdCryptoLite.so.1
-- Set runtime path of "/content/root_src/root_build/lib/libXrdCryptoLite.so.1.0.0" to "/content/root_src/root_build/lib"
-- Installing: /content/root_src/root_build/lib/libXrdCryptoLite.so
-- Installing: /content/root_src/root_build/lib/libXrdCryptossl-4.so
-- Set runtime path of "/content/root_src/root_build/lib/libXrdCryptossl-4.so" to "/content/root_src/root_build/lib"
-- Installing: /content/root_src/root_build/lib/libXrdSec-4.so
-- Set runtime path of "/content/root_src/root_build/lib/libXrdSec-4.so" to "/content/root_src/root_build/lib"
-- Installing: /content/root_src/root_build/lib/libXrdSecpwd-4.so
-- Set runtime path of "/content/root_src/root_build/lib/libXrdSecpwd-4.so" to "/content/root_src/root_build/lib"
-- Installing: /content/root_src/root_build/lib/libXrdSecsss-4.so
-- Set runtime path of "/content/root_src/root_build/lib/libXrdSecsss-4.so" to "/content/root_src/root_build/lib"
-- Installing: /content/root_src/root_build/lib/libXrdSecunix-4.so
-- Set runtime path of "/content/root_src/root_build/lib/libXrdSecunix-4.so" to "/content/root_src/root_build/lib"
-- Installing: /content/root_src/root_build/lib/libXrdSecProt-4.so
-- Set runtime path of "/content/root_src/root_build/lib/libXrdSecProt-4.so" to "/content/root_src/root_build/lib"
-- Installing: /content/root_src/root_build/bin/xrdsssadmin
-- Set runtime path of "/content/root_src/root_build/bin/xrdsssadmin" to "/content/root_src/root_build/lib"
-- Installing: /content/root_src/root_build/bin/xrdpwdadmin
-- Set runtime path of "/content/root_src/root_build/bin/xrdpwdadmin" to "/content/root_src/root_build/lib"
-- Installing: /content/root_src/root_build/share/man/man8/xrdsssadmin.8
-- Installing: /content/root_src/root_build/share/man/man8/xrdpwdadmin.8
-- Installing: /content/root_src/root_build/lib/libXrdXml.so.2.0.0
-- Installing: /content/root_src/root_build/lib/libXrdXml.so.2
-- Set runtime path of "/content/root_src/root_build/lib/libXrdXml.so.2.0.0" to "/content/root_src/root_build/lib"
-- Installing: /content/root_src/root_build/lib/libXrdXml.so
-- Installing: /content/root_src/root_build/include/xrootd/XrdVersion.hh
-- Installing: /content/root_src/root_build/include/xrootd/XProtocol/XProtocol.hh
-- Installing: /content/root_src/root_build/include/xrootd/XProtocol/XPtypes.hh
-- Installing: /content/root_src/root_build/include/xrootd/Xrd/XrdBuffer.hh
-- Installing: /content/root_src/root_build/include/xrootd/Xrd/XrdJob.hh
-- Installing: /content/root_src/root_build/include/xrootd/Xrd/XrdLink.hh
-- Installing: /content/root_src/root_build/include/xrootd/Xrd/XrdLinkMatch.hh
-- Installing: /content/root_src/root_build/include/xrootd/Xrd/XrdProtocol.hh
-- Installing: /content/root_src/root_build/include/xrootd/Xrd/XrdScheduler.hh
-- Installing: /content/root_src/root_build/include/xrootd/XrdNet/XrdNet.hh
-- Installing: /content/root_src/root_build/include/xrootd/XrdNet/XrdNetAddr.hh
-- Installing: /content/root_src/root_build/include/xrootd/XrdNet/XrdNetAddrInfo.hh
-- Installing: /content/root_src/root_build/include/xrootd/XrdNet/XrdNetUtils.hh
-- Installing: /content/root_src/root_build/include/xrootd/XrdNet/XrdNetCmsNotify.hh
-- Installing: /content/root_src/root_build/include/xrootd/XrdNet/XrdNetConnect.hh
-- Installing: /content/root_src/root_build/include/xrootd/XrdNet/XrdNetOpts.hh
-- Installing: /content/root_src/root_build/include/xrootd/XrdNet/XrdNetSockAddr.hh
-- Installing: /content/root_src/root_build/include/xrootd/XrdNet/XrdNetSocket.hh
-- Installing: /content/root_src/root_build/include/xrootd/XrdOuc/XrdOucBuffer.hh
-- Installing: /content/root_src/root_build/include/xrootd/XrdOuc/XrdOucCRC.hh
-- Installing: /content/root_src/root_build/include/xrootd/XrdOuc/XrdOucCache.hh
-- Installing: /content/root_src/root_build/include/xrootd/XrdOuc/XrdOucCacheCM.hh
-- Installing: /content/root_src/root_build/include/xrootd/XrdOuc/XrdOucCacheStats.hh
-- Installing: /content/root_src/root_build/include/xrootd/XrdOuc/XrdOucCallBack.hh
-- Installing: /content/root_src/root_build/include/xrootd/XrdOuc/XrdOucChain.hh
-- Installing: /content/root_src/root_build/include/xrootd/XrdOuc/XrdOucDLlist.hh
-- Installing: /content/root_src/root_build/include/xrootd/XrdOuc/XrdOucEnv.hh
-- Installing: /content/root_src/root_build/include/xrootd/XrdOuc/XrdOucErrInfo.hh
-- Installing: /content/root_src/root_build/include/xrootd/XrdOuc/XrdOucGMap.hh
-- Installing: /content/root_src/root_build/include/xrootd/XrdOuc/XrdOucHash.hh
-- Installing: /content/root_src/root_build/include/xrootd/XrdOuc/XrdOucHash.icc
-- Installing: /content/root_src/root_build/include/xrootd/XrdOuc/XrdOucIOVec.hh
-- Installing: /content/root_src/root_build/include/xrootd/XrdOuc/XrdOucLock.hh
-- Installing: /content/root_src/root_build/include/xrootd/XrdOuc/XrdOucName2Name.hh
-- Installing: /content/root_src/root_build/include/xrootd/XrdOuc/XrdOucPinPath.hh
-- Installing: /content/root_src/root_build/include/xrootd/XrdOuc/XrdOucRash.hh
-- Installing: /content/root_src/root_build/include/xrootd/XrdOuc/XrdOucRash.icc
-- Installing: /content/root_src/root_build/include/xrootd/XrdOuc/XrdOucSFVec.hh
-- Installing: /content/root_src/root_build/include/xrootd/XrdOuc/XrdOucStream.hh
-- Installing: /content/root_src/root_build/include/xrootd/XrdOuc/XrdOucString.hh
-- Installing: /content/root_src/root_build/include/xrootd/XrdOuc/XrdOucTList.hh
-- Installing: /content/root_src/root_build/include/xrootd/XrdOuc/XrdOucTable.hh
-- Installing: /content/root_src/root_build/include/xrootd/XrdOuc/XrdOucTokenizer.hh
-- Installing: /content/root_src/root_build/include/xrootd/XrdOuc/XrdOucTrace.hh
-- Installing: /content/root_src/root_build/include/xrootd/XrdOuc/XrdOucUtils.hh
-- Installing: /content/root_src/root_build/include/xrootd/XrdOuc/XrdOuca2x.hh
-- Installing: /content/root_src/root_build/include/xrootd/XrdOuc/XrdOucEnum.hh
-- Installing: /content/root_src/root_build/include/xrootd/XrdOuc/XrdOucCompiler.hh
-- Installing: /content/root_src/root_build/include/xrootd/XrdSec/XrdSecEntity.hh
-- Installing: /content/root_src/root_build/include/xrootd/XrdSec/XrdSecInterface.hh
-- Installing: /content/root_src/root_build/include/xrootd/XrdSys/XrdSysAtomics.hh
-- Installing: /content/root_src/root_build/include/xrootd/XrdSys/XrdSysDNS.hh
-- Installing: /content/root_src/root_build/include/xrootd/XrdSys/XrdSysError.hh
-- Installing: /content/root_src/root_build/include/xrootd/XrdSys/XrdSysFD.hh
-- Installing: /content/root_src/root_build/include/xrootd/XrdSys/XrdSysHeaders.hh
-- Installing: /content/root_src/root_build/include/xrootd/XrdSys/XrdSysLinuxSemaphore.hh
-- Installing: /content/root_src/root_build/include/xrootd/XrdSys/XrdSysLogger.hh
-- Installing: /content/root_src/root_build/include/xrootd/XrdSys/XrdSysLogPI.hh
-- Installing: /content/root_src/root_build/include/xrootd/XrdSys/XrdSysPlatform.hh
-- Installing: /content/root_src/root_build/include/xrootd/XrdSys/XrdSysPlugin.hh
-- Installing: /content/root_src/root_build/include/xrootd/XrdSys/XrdSysPthread.hh
-- Installing: /content/root_src/root_build/include/xrootd/XrdSys/XrdSysSemWait.hh
-- Installing: /content/root_src/root_build/include/xrootd/XrdSys/XrdSysTimer.hh
-- Installing: /content/root_src/root_build/include/xrootd/XrdSys/XrdSysXAttr.hh
-- Installing: /content/root_src/root_build/include/xrootd/XrdSys/XrdSysXSLock.hh
-- Installing: /content/root_src/root_build/include/xrootd/XrdXml/XrdXmlReader.hh
-- Installing: /content/root_src/root_build/include/xrootd/XrdAcc/XrdAccAuthorize.hh
-- Installing: /content/root_src/root_build/include/xrootd/XrdAcc/XrdAccPrivs.hh
-- Installing: /content/root_src/root_build/include/xrootd/XrdCks/XrdCks.hh
-- Installing: /content/root_src/root_build/include/xrootd/XrdCks/XrdCksAssist.hh
-- Installing: /content/root_src/root_build/include/xrootd/XrdCks/XrdCksCalc.hh
-- Installing: /content/root_src/root_build/include/xrootd/XrdCks/XrdCksData.hh
-- Installing: /content/root_src/root_build/include/xrootd/XrdCks/XrdCksManager.hh
-- Installing: /content/root_src/root_build/include/xrootd/XrdClient/XrdClient.hh
-- Installing: /content/root_src/root_build/include/xrootd/XrdClient/XrdClientAbs.hh
-- Installing: /content/root_src/root_build/include/xrootd/XrdClient/XrdClientAbsMonIntf.hh
-- Installing: /content/root_src/root_build/include/xrootd/XrdClient/XrdClientAdmin.hh
-- Installing: /content/root_src/root_build/include/xrootd/XrdClient/XrdClientConst.hh
-- Installing: /content/root_src/root_build/include/xrootd/XrdClient/XrdClientEnv.hh
-- Installing: /content/root_src/root_build/include/xrootd/XrdClient/XrdClientUnsolMsg.hh
-- Installing: /content/root_src/root_build/include/xrootd/XrdClient/XrdClientUrlInfo.hh
-- Installing: /content/root_src/root_build/include/xrootd/XrdClient/XrdClientUrlSet.hh
-- Installing: /content/root_src/root_build/include/xrootd/XrdClient/XrdClientVector.hh
-- Installing: /content/root_src/root_build/include/xrootd/XrdCms/XrdCmsClient.hh
-- Installing: /content/root_src/root_build/include/xrootd/XrdCms/XrdCmsVnId.hh
-- Installing: /content/root_src/root_build/include/xrootd/XrdFileCache/XrdFileCacheDecision.hh
-- Installing: /content/root_src/root_build/include/xrootd/XrdOfs/XrdOfsPrepare.hh
-- Installing: /content/root_src/root_build/include/xrootd/XrdOss/XrdOss.hh
-- Installing: /content/root_src/root_build/include/xrootd/XrdOss/XrdOssDefaultSS.hh
-- Installing: /content/root_src/root_build/include/xrootd/XrdOss/XrdOssStatInfo.hh
-- Installing: /content/root_src/root_build/include/xrootd/XrdPosix/XrdPosix.hh
-- Installing: /content/root_src/root_build/include/xrootd/XrdPosix/XrdPosixCache.hh
-- Installing: /content/root_src/root_build/include/xrootd/XrdPosix/XrdPosixCallBack.hh
-- Installing: /content/root_src/root_build/include/xrootd/XrdPosix/XrdPosixExtern.hh
-- Installing: /content/root_src/root_build/include/xrootd/XrdPosix/XrdPosixOsDep.hh
-- Installing: /content/root_src/root_build/include/xrootd/XrdPosix/XrdPosixXrootd.hh
-- Installing: /content/root_src/root_build/include/xrootd/XrdPosix/XrdPosixXrootdPath.hh
-- Installing: /content/root_src/root_build/include/xrootd/XrdSfs/XrdSfsAio.hh
-- Installing: /content/root_src/root_build/include/xrootd/XrdSfs/XrdSfsDio.hh
-- Installing: /content/root_src/root_build/include/xrootd/XrdSfs/XrdSfsXio.hh
-- Installing: /content/root_src/root_build/include/xrootd/XrdSfs/XrdSfsFlags.hh
-- Installing: /content/root_src/root_build/include/xrootd/XrdSfs/XrdSfsInterface.hh
-- Installing: /content/root_src/root_build/include/xrootd/XrdXrootd/XrdXrootdMonData.hh
-- Installing: /content/root_src/root_build/include/xrootd/XrdXrootd/XrdXrootdBridge.hh
-- Installing: /content/root_src/root_build/include/xrootd/XrdHttp/XrdHttpSecXtractor.hh
-- Installing: /content/root_src/root_build/include/xrootd/private/Xrd/XrdPoll.hh
-- Installing: /content/root_src/root_build/include/xrootd/private/XrdNet/XrdNetPeer.hh
-- Installing: /content/root_src/root_build/include/xrootd/private/XrdNet/XrdNetBuffer.hh
-- Installing: /content/root_src/root_build/include/xrootd/private/XrdNet/XrdNetIF.hh
-- Installing: /content/root_src/root_build/include/xrootd/private/XrdSecsss/XrdSecsssID.hh
-- Installing: /content/root_src/root_build/include/xrootd/private/XrdSys/XrdSysPriv.hh
-- Installing: /content/root_src/root_build/include/xrootd/private/XrdOuc/XrdOucExport.hh
-- Installing: /content/root_src/root_build/include/xrootd/private/XrdOuc/XrdOucPList.hh
-- Installing: /content/root_src/root_build/include/xrootd/private/XrdOuc/XrdOucN2NLoader.hh
-- Installing: /content/root_src/root_build/include/xrootd/private/XrdClient/XrdClientConn.hh
-- Installing: /content/root_src/root_build/include/xrootd/private/XrdClient/XrdClientConnMgr.hh
-- Installing: /content/root_src/root_build/include/xrootd/private/XrdClient/XrdClientDebug.hh
-- Installing: /content/root_src/root_build/include/xrootd/private/XrdClient/XrdClientInputBuffer.hh
-- Installing: /content/root_src/root_build/include/xrootd/private/XrdClient/XrdClientLogConnection.hh
-- Installing: /content/root_src/root_build/include/xrootd/private/XrdClient/XrdClientMessage.hh
-- Installing: /content/root_src/root_build/include/xrootd/private/XrdClient/XrdClientPhyConnection.hh
-- Installing: /content/root_src/root_build/include/xrootd/private/XrdClient/XrdClientReadCache.hh
-- Installing: /content/root_src/root_build/include/xrootd/private/XrdClient/XrdClientSock.hh
-- Installing: /content/root_src/root_build/include/xrootd/private/XrdHttp/XrdHttpExtHandler.hh
-- Installing: /content/root_src/root_build/include/xrootd/private/XrdOfs/XrdOfs.hh
-- Installing: /content/root_src/root_build/include/xrootd/private/XrdOfs/XrdOfsEvr.hh
-- Installing: /content/root_src/root_build/include/xrootd/private/XrdOfs/XrdOfsHandle.hh
-- Installing: /content/root_src/root_build/include/xrootd/private/XrdOfs/XrdOfsTrace.hh
-- Installing: /content/root_src/root_build/include/xrootd/private/XrdOfs/XrdOfsTPCInfo.hh
-- Installing: /content/root_src/root_build/include/xrootd/private/XrdSsi/XrdSsiAtomics.hh
-- Installing: /content/root_src/root_build/include/xrootd/private/XrdSsi/XrdSsiCluster.hh
-- Installing: /content/root_src/root_build/include/xrootd/private/XrdSsi/XrdSsiEntity.hh
-- Installing: /content/root_src/root_build/include/xrootd/private/XrdSsi/XrdSsiErrInfo.hh
-- Installing: /content/root_src/root_build/include/xrootd/private/XrdSsi/XrdSsiLogger.hh
-- Installing: /content/root_src/root_build/include/xrootd/private/XrdSsi/XrdSsiProvider.hh
-- Installing: /content/root_src/root_build/include/xrootd/private/XrdSsi/XrdSsiRequest.hh
-- Installing: /content/root_src/root_build/include/xrootd/private/XrdSsi/XrdSsiRespInfo.hh
-- Installing: /content/root_src/root_build/include/xrootd/private/XrdSsi/XrdSsiResponder.hh
-- Installing: /content/root_src/root_build/include/xrootd/private/XrdSsi/XrdSsiResource.hh
-- Installing: /content/root_src/root_build/include/xrootd/private/XrdSsi/XrdSsiService.hh
-- Installing: /content/root_src/root_build/include/xrootd/private/XrdSsi/XrdSsiStream.hh
-- Installing: /content/root_src/root_build/include/xrootd/private/XrdOss/XrdOssApi.hh
-- Installing: /content/root_src/root_build/include/xrootd/private/XrdOss/XrdOssConfig.hh
-- Installing: /content/root_src/root_build/include/xrootd/private/XrdOss/XrdOssError.hh
-- Installing: /content/root_src/root_build/lib/libXrdSecgsi-4.so
-- Set runtime path of "/content/root_src/root_build/lib/libXrdSecgsi-4.so" to "/content/root_src/root_build/lib"
-- Installing: /content/root_src/root_build/lib/libXrdSecgsiAUTHZVO-4.so
-- Set runtime path of "/content/root_src/root_build/lib/libXrdSecgsiAUTHZVO-4.so" to "/content/root_src/root_build/lib"
-- Installing: /content/root_src/root_build/lib/libXrdSecgsiGMAPDN-4.so
-- Set runtime path of "/content/root_src/root_build/lib/libXrdSecgsiGMAPDN-4.so" to "/content/root_src/root_build/lib"
-- Installing: /content/root_src/root_build/bin/xrdgsiproxy
-- Set runtime path of "/content/root_src/root_build/bin/xrdgsiproxy" to "/content/root_src/root_build/lib"
-- Installing: /content/root_src/root_build/bin/xrdgsitest
-- Set runtime path of "/content/root_src/root_build/bin/xrdgsitest" to "/content/root_src/root_build/lib"
-- Installing: /content/root_src/root_build/share/man/man1/xrdgsiproxy.1
-- Installing: /content/root_src/root_build/share/man/man1/xrdgsitest.1
-- Installing: /content/root_src/root_build/lib/libXrdClient.so.2.0.0
-- Installing: /content/root_src/root_build/lib/libXrdClient.so.2
-- Set runtime path of "/content/root_src/root_build/lib/libXrdClient.so.2.0.0" to "/content/root_src/root_build/lib"
-- Installing: /content/root_src/root_build/lib/libXrdClient.so
-- Installing: /content/root_src/root_build/bin/xrd
-- Set runtime path of "/content/root_src/root_build/bin/xrd" to "/content/root_src/root_build/lib"
-- Installing: /content/root_src/root_build/bin/xprep
-- Set runtime path of "/content/root_src/root_build/bin/xprep" to "/content/root_src/root_build/lib"
-- Installing: /content/root_src/root_build/bin/xrdstagetool
-- Set runtime path of "/content/root_src/root_build/bin/xrdstagetool" to "/content/root_src/root_build/lib"
-- Installing: /content/root_src/root_build/share/man/man1/xrd.1
-- Installing: /content/root_src/root_build/share/man/man1/xprep.1
-- Installing: /content/root_src/root_build/share/man/man1/xrdstagetool.1
-- Installing: /content/root_src/root_build/lib/libXrdServer.so.2.0.0
-- Installing: /content/root_src/root_build/lib/libXrdServer.so.2
-- Set runtime path of "/content/root_src/root_build/lib/libXrdServer.so.2.0.0" to "/content/root_src/root_build/lib"
-- Installing: /content/root_src/root_build/lib/libXrdServer.so
-- Installing: /content/root_src/root_build/lib/libXrdXrootd-4.so
-- Set runtime path of "/content/root_src/root_build/lib/libXrdXrootd-4.so" to "/content/root_src/root_build/lib"
-- Installing: /content/root_src/root_build/bin/xrootd
-- Set runtime path of "/content/root_src/root_build/bin/xrootd" to "/content/root_src/root_build/lib"
-- Installing: /content/root_src/root_build/bin/cmsd
-- Set runtime path of "/content/root_src/root_build/bin/cmsd" to "/content/root_src/root_build/lib"
-- Installing: /content/root_src/root_build/share/man/man8/cmsd.8
-- Installing: /content/root_src/root_build/share/man/man8/xrootd.8
-- Installing: /content/root_src/root_build/bin/frm_admin
-- Set runtime path of "/content/root_src/root_build/bin/frm_admin" to "/content/root_src/root_build/lib"
-- Installing: /content/root_src/root_build/bin/frm_purged
-- Set runtime path of "/content/root_src/root_build/bin/frm_purged" to "/content/root_src/root_build/lib"
-- Installing: /content/root_src/root_build/bin/frm_xfrd
-- Set runtime path of "/content/root_src/root_build/bin/frm_xfrd" to "/content/root_src/root_build/lib"
-- Installing: /content/root_src/root_build/bin/frm_xfragent
-- Set runtime path of "/content/root_src/root_build/bin/frm_xfragent" to "/content/root_src/root_build/lib"
-- Installing: /content/root_src/root_build/share/man/man8/frm_admin.8
-- Installing: /content/root_src/root_build/share/man/man8/frm_purged.8
-- Installing: /content/root_src/root_build/share/man/man8/frm_xfrd.8
-- Installing: /content/root_src/root_build/share/man/man8/frm_xfragent.8
-- Installing: /content/root_src/root_build/lib/libXrdPosix.so.2.0.0
-- Installing: /content/root_src/root_build/lib/libXrdPosix.so.2
-- Set runtime path of "/content/root_src/root_build/lib/libXrdPosix.so.2.0.0" to "/content/root_src/root_build/lib"
-- Installing: /content/root_src/root_build/lib/libXrdPosix.so
-- Installing: /content/root_src/root_build/lib/libXrdPosixPreload.so.1.0.0
-- Installing: /content/root_src/root_build/lib/libXrdPosixPreload.so.1
-- Set runtime path of "/content/root_src/root_build/lib/libXrdPosixPreload.so.1.0.0" to "/content/root_src/root_build/lib"
-- Installing: /content/root_src/root_build/lib/libXrdPosixPreload.so
-- Installing: /content/root_src/root_build/lib/libXrdFfs.so.2.0.0
-- Installing: /content/root_src/root_build/lib/libXrdFfs.so.2
-- Set runtime path of "/content/root_src/root_build/lib/libXrdFfs.so.2.0.0" to "/content/root_src/root_build/lib"
-- Installing: /content/root_src/root_build/lib/libXrdFfs.so
-- Installing: /content/root_src/root_build/lib/libXrdPss-4.so
-- Set runtime path of "/content/root_src/root_build/lib/libXrdPss-4.so" to "/content/root_src/root_build/lib"
-- Installing: /content/root_src/root_build/lib/libXrdBwm-4.so
-- Set runtime path of "/content/root_src/root_build/lib/libXrdBwm-4.so" to "/content/root_src/root_build/lib"
-- Installing: /content/root_src/root_build/lib/libXrdOssSIgpfsT-4.so
-- Set runtime path of "/content/root_src/root_build/lib/libXrdOssSIgpfsT-4.so" to "/content/root_src/root_build/lib"
-- Installing: /content/root_src/root_build/lib/libXrdCksCalczcrc32-4.so
-- Set runtime path of "/content/root_src/root_build/lib/libXrdCksCalczcrc32-4.so" to "/content/root_src/root_build/lib"
-- Installing: /content/root_src/root_build/lib/libXrdThrottle-4.so
-- Set runtime path of "/content/root_src/root_build/lib/libXrdThrottle-4.so" to "/content/root_src/root_build/lib"
-- Installing: /content/root_src/root_build/lib/libXrdN2No2p-4.so
-- Set runtime path of "/content/root_src/root_build/lib/libXrdN2No2p-4.so" to "/content/root_src/root_build/lib"
-- Installing: /content/root_src/root_build/lib/libXrdSsiLib.so.1.0.0
-- Installing: /content/root_src/root_build/lib/libXrdSsiLib.so.1
-- Set runtime path of "/content/root_src/root_build/lib/libXrdSsiLib.so.1.0.0" to "/content/root_src/root_build/lib"
-- Installing: /content/root_src/root_build/lib/libXrdSsiLib.so
-- Installing: /content/root_src/root_build/lib/libXrdSsiShMap.so.1.0.0
-- Installing: /content/root_src/root_build/lib/libXrdSsiShMap.so.1
-- Set runtime path of "/content/root_src/root_build/lib/libXrdSsiShMap.so.1.0.0" to "/content/root_src/root_build/lib"
-- Installing: /content/root_src/root_build/lib/libXrdSsiShMap.so
-- Installing: /content/root_src/root_build/lib/libXrdSsi-4.so
-- Set runtime path of "/content/root_src/root_build/lib/libXrdSsi-4.so" to "/content/root_src/root_build/lib"
-- Installing: /content/root_src/root_build/lib/libXrdSsiLog-4.so
-- Set runtime path of "/content/root_src/root_build/lib/libXrdSsiLog-4.so" to "/content/root_src/root_build/lib"
-- Installing: /content/root_src/root_build/bin/XrdCnsd
-- Set runtime path of "/content/root_src/root_build/bin/XrdCnsd" to "/content/root_src/root_build/lib"
-- Installing: /content/root_src/root_build/bin/cns_ssi
-- Set runtime path of "/content/root_src/root_build/bin/cns_ssi" to "/content/root_src/root_build/lib"
-- Installing: /content/root_src/root_build/share/man/man8/XrdCnsd.8
-- Installing: /content/root_src/root_build/share/man/man8/cns_ssi.8
-- Installing: /content/root_src/root_build/lib/libXrdFileCache-4.so
-- Set runtime path of "/content/root_src/root_build/lib/libXrdFileCache-4.so" to "/content/root_src/root_build/lib"
-- Installing: /content/root_src/root_build/lib/libXrdBlacklistDecision-4.so
-- Set runtime path of "/content/root_src/root_build/lib/libXrdBlacklistDecision-4.so" to "/content/root_src/root_build/lib"
-- Installing: /content/root_src/root_build/bin/xrdpfc_print
-- Set runtime path of "/content/root_src/root_build/bin/xrdpfc_print" to "/content/root_src/root_build/lib"
-- Installing: /content/root_src/root_build/share/man/man8/xrdpfc_print.8
-- Installing: /content/root_src/root_build/lib/libXrdHttpUtils.so.1.0.0
-- Installing: /content/root_src/root_build/lib/libXrdHttpUtils.so.1
-- Set runtime path of "/content/root_src/root_build/lib/libXrdHttpUtils.so.1.0.0" to "/content/root_src/root_build/lib"
-- Installing: /content/root_src/root_build/lib/libXrdHttpUtils.so
-- Installing: /content/root_src/root_build/lib/libXrdHttp-4.so
-- Set runtime path of "/content/root_src/root_build/lib/libXrdHttp-4.so" to "/content/root_src/root_build/lib"
-- Installing: /content/root_src/root_build/lib/libXrdHttpTPC-4.so
-- Set runtime path of "/content/root_src/root_build/lib/libXrdHttpTPC-4.so" to "/content/root_src/root_build/lib"
-- Installing: /content/root_src/root_build/share/xrootd/utils/XrdCmsNotify.pm
-- Installing: /content/root_src/root_build/share/xrootd/utils/netchk
-- Installing: /content/root_src/root_build/share/xrootd/utils/XrdOlbMonPerf
-- Installing: /content/root_src/root_build/share/xrootd/utils/cms_monPerf
-- Installing: /content/root_src/root_build/lib/libXrdCl.so.2.0.0
-- Installing: /content/root_src/root_build/lib/libXrdCl.so.2
-- Set runtime path of "/content/root_src/root_build/lib/libXrdCl.so.2.0.0" to "/content/root_src/root_build/lib"
-- Installing: /content/root_src/root_build/lib/libXrdCl.so
-- Installing: /content/root_src/root_build/bin/xrdfs
-- Set runtime path of "/content/root_src/root_build/bin/xrdfs" to "/content/root_src/root_build/lib"
-- Installing: /content/root_src/root_build/bin/xrdcp
-- Set runtime path of "/content/root_src/root_build/bin/xrdcp" to "/content/root_src/root_build/lib"
-- Installing: /content/root_src/root_build/include/xrootd/XrdCl/XrdClAnyObject.hh
-- Installing: /content/root_src/root_build/include/xrootd/XrdCl/XrdClBuffer.hh
-- Installing: /content/root_src/root_build/include/xrootd/XrdCl/XrdClConstants.hh
-- Installing: /content/root_src/root_build/include/xrootd/XrdCl/XrdClCopyProcess.hh
-- Installing: /content/root_src/root_build/include/xrootd/XrdCl/XrdClDefaultEnv.hh
-- Installing: /content/root_src/root_build/include/xrootd/XrdCl/XrdClEnv.hh
-- Installing: /content/root_src/root_build/include/xrootd/XrdCl/XrdClFile.hh
-- Installing: /content/root_src/root_build/include/xrootd/XrdCl/XrdClFileSystem.hh
-- Installing: /content/root_src/root_build/include/xrootd/XrdCl/XrdClMessage.hh
-- Installing: /content/root_src/root_build/include/xrootd/XrdCl/XrdClMonitor.hh
-- Installing: /content/root_src/root_build/include/xrootd/XrdCl/XrdClPostMaster.hh
-- Installing: /content/root_src/root_build/include/xrootd/XrdCl/XrdClPostMasterInterfaces.hh
-- Installing: /content/root_src/root_build/include/xrootd/XrdCl/XrdClTransportManager.hh
-- Installing: /content/root_src/root_build/include/xrootd/XrdCl/XrdClStatus.hh
-- Installing: /content/root_src/root_build/include/xrootd/XrdCl/XrdClURL.hh
-- Installing: /content/root_src/root_build/include/xrootd/XrdCl/XrdClXRootDResponses.hh
-- Installing: /content/root_src/root_build/include/xrootd/XrdCl/XrdClPlugInInterface.hh
-- Installing: /content/root_src/root_build/include/xrootd/XrdCl/XrdClPlugInManager.hh
-- Installing: /content/root_src/root_build/include/xrootd/XrdCl/XrdClPropertyList.hh
-- Installing: /content/root_src/root_build/include/xrootd/XrdCl/XrdClFileSystemUtils.hh
-- Installing: /content/root_src/root_build/include/xrootd/XrdCl/XrdClLog.hh
-- Installing: /content/root_src/root_build/include/xrootd/private/XrdClOperations.hh
-- Installing: /content/root_src/root_build/include/xrootd/private/XrdClOperationHandlers.hh
-- Installing: /content/root_src/root_build/include/xrootd/private/XrdClArg.hh
-- Installing: /content/root_src/root_build/include/xrootd/private/XrdClFwd.hh
-- Installing: /content/root_src/root_build/include/xrootd/private/XrdClParallelOperation.hh
-- Installing: /content/root_src/root_build/include/xrootd/private/XrdClFileOperations.hh
-- Installing: /content/root_src/root_build/include/xrootd/private/XrdClFileSystemOperations.hh
-- Installing: /content/root_src/root_build/share/man/man1/xrdfs.1
-- Installing: /content/root_src/root_build/share/man/man1/xrdcp.1
