[I] No git repository info found. Trying to interpret VERSION_INFO
[I] src/XrdVersion.hh successfully generated
-- Processing: //content/root_src/root_build/share/man/man1/xprep.1
-- Processing: //content/root_src/root_build/share/man/man1/xrd.1
-- Processing: //content/root_src/root_build/share/man/man1/xrdadler32.1
-- Processing: //content/root_src/root_build/share/man/man1/xrdcp-old.1
-- Processing: //content/root_src/root_build/share/man/man1/xrdgsiproxy.1
-- Processing: //content/root_src/root_build/share/man/man1/xrdgsitest.1
-- Processing: //content/root_src/root_build/share/man/man1/xrdstagetool.1
-- Processing: //content/root_src/root_build/share/man/man8/XrdCnsd.8
-- Processing: //content/root_src/root_build/share/man/man8/cmsd.8
-- Processing: //content/root_src/root_build/share/man/man8/cns_ssi.8
-- Processing: //content/root_src/root_build/share/man/man8/frm_admin.8
-- Processing: //content/root_src/root_build/share/man/man8/frm_purged.8
-- Processing: //content/root_src/root_build/share/man/man8/frm_xfragent.8
-- Processing: //content/root_src/root_build/share/man/man8/frm_xfrd.8
-- Processing: //content/root_src/root_build/share/man/man8/mpxstats.8
-- Processing: //content/root_src/root_build/share/man/man8/xrdpfc_print.8
-- Processing: //content/root_src/root_build/share/man/man8/xrdpwdadmin.8
-- Processing: //content/root_src/root_build/share/man/man8/xrdsssadmin.8
-- Processing: //content/root_src/root_build/share/man/man8/xrootd.8
-- Processing: //content/root_src/root_build/share/man/man1/xrdfs.1
-- Processing: //content/root_src/root_build/share/man/man1/xrdcp.1
