Determining if the function strlcpy exists failed with the following output:
Change Dir: /content/root_src/root_build/XROOTD-prefix/src/XROOTD-build/CMakeFiles/CMakeTmp

Run Build Command:"/usr/bin/make" "cmTC_9ff09/fast"
make[3]: Entering directory '/content/root_src/root_build/XROOTD-prefix/src/XROOTD-build/CMakeFiles/CMakeTmp'
/usr/bin/make -f CMakeFiles/cmTC_9ff09.dir/build.make CMakeFiles/cmTC_9ff09.dir/build
make[4]: Entering directory '/content/root_src/root_build/XROOTD-prefix/src/XROOTD-build/CMakeFiles/CMakeTmp'
Building C object CMakeFiles/cmTC_9ff09.dir/CheckFunctionExists.c.o
/usr/bin/cc   -Wno-implicit-fallthrough -pipe -Wall -W -pthread -DCHECK_FUNCTION_EXISTS=strlcpy   -o CMakeFiles/cmTC_9ff09.dir/CheckFunctionExists.c.o   -c /usr/local/lib/python2.7/dist-packages/cmake/data/share/cmake-3.12/Modules/CheckFunctionExists.c
Linking C executable cmTC_9ff09
/usr/local/lib/python2.7/dist-packages/cmake/data/bin/cmake -E cmake_link_script CMakeFiles/cmTC_9ff09.dir/link.txt --verbose=1
/usr/bin/cc  -Wno-implicit-fallthrough -pipe -Wall -W -pthread -DCHECK_FUNCTION_EXISTS=strlcpy    -rdynamic CMakeFiles/cmTC_9ff09.dir/CheckFunctionExists.c.o  -o cmTC_9ff09 
CMakeFiles/cmTC_9ff09.dir/CheckFunctionExists.c.o: In function `main':
CheckFunctionExists.c:(.text+0x10): undefined reference to `strlcpy'
collect2: error: ld returned 1 exit status
CMakeFiles/cmTC_9ff09.dir/build.make:86: recipe for target 'cmTC_9ff09' failed
make[4]: *** [cmTC_9ff09] Error 1
make[4]: Leaving directory '/content/root_src/root_build/XROOTD-prefix/src/XROOTD-build/CMakeFiles/CMakeTmp'
Makefile:121: recipe for target 'cmTC_9ff09/fast' failed
make[3]: *** [cmTC_9ff09/fast] Error 2
make[3]: Leaving directory '/content/root_src/root_build/XROOTD-prefix/src/XROOTD-build/CMakeFiles/CMakeTmp'


Determining if the function crypt exists failed with the following output:
Change Dir: /content/root_src/root_build/XROOTD-prefix/src/XROOTD-build/CMakeFiles/CMakeTmp

Run Build Command:"/usr/bin/make" "cmTC_2fbb8/fast"
make[3]: Entering directory '/content/root_src/root_build/XROOTD-prefix/src/XROOTD-build/CMakeFiles/CMakeTmp'
/usr/bin/make -f CMakeFiles/cmTC_2fbb8.dir/build.make CMakeFiles/cmTC_2fbb8.dir/build
make[4]: Entering directory '/content/root_src/root_build/XROOTD-prefix/src/XROOTD-build/CMakeFiles/CMakeTmp'
Building C object CMakeFiles/cmTC_2fbb8.dir/CheckFunctionExists.c.o
/usr/bin/cc   -Wno-implicit-fallthrough -pipe -Wall -W -pthread -DCHECK_FUNCTION_EXISTS=crypt   -o CMakeFiles/cmTC_2fbb8.dir/CheckFunctionExists.c.o   -c /usr/local/lib/python2.7/dist-packages/cmake/data/share/cmake-3.12/Modules/CheckFunctionExists.c
Linking C executable cmTC_2fbb8
/usr/local/lib/python2.7/dist-packages/cmake/data/bin/cmake -E cmake_link_script CMakeFiles/cmTC_2fbb8.dir/link.txt --verbose=1
/usr/bin/cc  -Wno-implicit-fallthrough -pipe -Wall -W -pthread -DCHECK_FUNCTION_EXISTS=crypt    -rdynamic CMakeFiles/cmTC_2fbb8.dir/CheckFunctionExists.c.o  -o cmTC_2fbb8 
CMakeFiles/cmTC_2fbb8.dir/CheckFunctionExists.c.o: In function `main':
CheckFunctionExists.c:(.text+0x10): undefined reference to `crypt'
collect2: error: ld returned 1 exit status
CMakeFiles/cmTC_2fbb8.dir/build.make:86: recipe for target 'cmTC_2fbb8' failed
make[4]: *** [cmTC_2fbb8] Error 1
make[4]: Leaving directory '/content/root_src/root_build/XROOTD-prefix/src/XROOTD-build/CMakeFiles/CMakeTmp'
Makefile:121: recipe for target 'cmTC_2fbb8/fast' failed
make[3]: *** [cmTC_2fbb8/fast] Error 2
make[3]: Leaving directory '/content/root_src/root_build/XROOTD-prefix/src/XROOTD-build/CMakeFiles/CMakeTmp'


Determining if the include file et/com_err.h exists failed with the following output:
Change Dir: /content/root_src/root_build/XROOTD-prefix/src/XROOTD-build/CMakeFiles/CMakeTmp

Run Build Command:"/usr/bin/make" "cmTC_a8366/fast"
make[3]: Entering directory '/content/root_src/root_build/XROOTD-prefix/src/XROOTD-build/CMakeFiles/CMakeTmp'
/usr/bin/make -f CMakeFiles/cmTC_a8366.dir/build.make CMakeFiles/cmTC_a8366.dir/build
make[4]: Entering directory '/content/root_src/root_build/XROOTD-prefix/src/XROOTD-build/CMakeFiles/CMakeTmp'
Building C object CMakeFiles/cmTC_a8366.dir/CheckIncludeFile.c.o
/usr/bin/cc   -Wno-implicit-fallthrough -pipe -Wall -W -pthread    -o CMakeFiles/cmTC_a8366.dir/CheckIncludeFile.c.o   -c /content/root_src/root_build/XROOTD-prefix/src/XROOTD-build/CMakeFiles/CMakeTmp/CheckIncludeFile.c
/content/root_src/root_build/XROOTD-prefix/src/XROOTD-build/CMakeFiles/CMakeTmp/CheckIncludeFile.c:1:10: fatal error: et/com_err.h: No such file or directory
 #include <et/com_err.h>
          ^~~~~~~~~~~~~~
compilation terminated.
CMakeFiles/cmTC_a8366.dir/build.make:65: recipe for target 'CMakeFiles/cmTC_a8366.dir/CheckIncludeFile.c.o' failed
make[4]: *** [CMakeFiles/cmTC_a8366.dir/CheckIncludeFile.c.o] Error 1
make[4]: Leaving directory '/content/root_src/root_build/XROOTD-prefix/src/XROOTD-build/CMakeFiles/CMakeTmp'
Makefile:121: recipe for target 'cmTC_a8366/fast' failed
make[3]: *** [cmTC_a8366/fast] Error 2
make[3]: Leaving directory '/content/root_src/root_build/XROOTD-prefix/src/XROOTD-build/CMakeFiles/CMakeTmp'


