-- Installing: /content/root_src/root_build/lib/libtbb.so
-- Installing: /content/root_src/root_build/lib/libtbb.so.2
-- Installing: /content/root_src/root_build/lib/libtbbmalloc.so
-- Installing: /content/root_src/root_build/lib/libtbbmalloc.so.2
-- Installing: /content/root_src/root_build/lib/libtbbmalloc_proxy.so
-- Installing: /content/root_src/root_build/lib/libtbbmalloc_proxy.so.2
-- Up-to-date: /content/root_src/root_build/include
-- Installing: /content/root_src/root_build/include/serial
-- Installing: /content/root_src/root_build/include/serial/tbb
-- Installing: /content/root_src/root_build/include/serial/tbb/tbb_annotate.h
-- Installing: /content/root_src/root_build/include/serial/tbb/parallel_for.h
-- Installing: /content/root_src/root_build/include/index.html
-- Installing: /content/root_src/root_build/include/tbb
-- Installing: /content/root_src/root_build/include/tbb/cache_aligned_allocator.h
-- Installing: /content/root_src/root_build/include/tbb/concurrent_unordered_map.h
-- Installing: /content/root_src/root_build/include/tbb/task.h
-- Installing: /content/root_src/root_build/include/tbb/tbbmalloc_proxy.h
-- Installing: /content/root_src/root_build/include/tbb/parallel_invoke.h
-- Installing: /content/root_src/root_build/include/tbb/parallel_scan.h
-- Installing: /content/root_src/root_build/include/tbb/tbb_thread.h
-- Installing: /content/root_src/root_build/include/tbb/memory_pool.h
-- Installing: /content/root_src/root_build/include/tbb/concurrent_map.h
-- Installing: /content/root_src/root_build/include/tbb/global_control.h
-- Installing: /content/root_src/root_build/include/tbb/task_group.h
-- Installing: /content/root_src/root_build/include/tbb/concurrent_vector.h
-- Installing: /content/root_src/root_build/include/tbb/concurrent_queue.h
-- Installing: /content/root_src/root_build/include/tbb/tbb_disable_exceptions.h
-- Installing: /content/root_src/root_build/include/tbb/combinable.h
-- Installing: /content/root_src/root_build/include/tbb/parallel_while.h
-- Installing: /content/root_src/root_build/include/tbb/concurrent_hash_map.h
-- Installing: /content/root_src/root_build/include/tbb/tbb_exception.h
-- Installing: /content/root_src/root_build/include/tbb/queuing_mutex.h
-- Installing: /content/root_src/root_build/include/tbb/null_mutex.h
-- Installing: /content/root_src/root_build/include/tbb/blocked_range2d.h
-- Installing: /content/root_src/root_build/include/tbb/parallel_for.h
-- Installing: /content/root_src/root_build/include/tbb/blocked_rangeNd.h
-- Installing: /content/root_src/root_build/include/tbb/parallel_for_each.h
-- Installing: /content/root_src/root_build/include/tbb/tbb_allocator.h
-- Installing: /content/root_src/root_build/include/tbb/pipeline.h
-- Installing: /content/root_src/root_build/include/tbb/concurrent_priority_queue.h
-- Installing: /content/root_src/root_build/include/tbb/task_arena.h
-- Installing: /content/root_src/root_build/include/tbb/aggregator.h
-- Installing: /content/root_src/root_build/include/tbb/tbb_profiling.h
-- Installing: /content/root_src/root_build/include/tbb/flow_graph.h
-- Installing: /content/root_src/root_build/include/tbb/parallel_sort.h
-- Installing: /content/root_src/root_build/include/tbb/tbb_machine.h
-- Installing: /content/root_src/root_build/include/tbb/concurrent_unordered_set.h
-- Installing: /content/root_src/root_build/include/tbb/flow_graph_abstractions.h
-- Installing: /content/root_src/root_build/include/tbb/blocked_range3d.h
-- Installing: /content/root_src/root_build/include/tbb/runtime_loader.h
-- Installing: /content/root_src/root_build/include/tbb/tbb_config.h
-- Installing: /content/root_src/root_build/include/tbb/enumerable_thread_specific.h
-- Installing: /content/root_src/root_build/include/tbb/internal
-- Installing: /content/root_src/root_build/include/tbb/internal/_flow_graph_indexer_impl.h
-- Installing: /content/root_src/root_build/include/tbb/internal/_flow_graph_streaming_node.h
-- Installing: /content/root_src/root_build/include/tbb/internal/_warning_suppress_disable_notice.h
-- Installing: /content/root_src/root_build/include/tbb/internal/_deprecated_header_message_guard.h
-- Installing: /content/root_src/root_build/include/tbb/internal/_flow_graph_types_impl.h
-- Installing: /content/root_src/root_build/include/tbb/internal/_flow_graph_cache_impl.h
-- Installing: /content/root_src/root_build/include/tbb/internal/_concurrent_queue_impl.h
-- Installing: /content/root_src/root_build/include/tbb/internal/_tbb_hash_compare_impl.h
-- Installing: /content/root_src/root_build/include/tbb/internal/_x86_eliding_mutex_impl.h
-- Installing: /content/root_src/root_build/include/tbb/internal/_flow_graph_join_impl.h
-- Installing: /content/root_src/root_build/include/tbb/internal/_range_iterator.h
-- Installing: /content/root_src/root_build/include/tbb/internal/_flow_graph_trace_impl.h
-- Installing: /content/root_src/root_build/include/tbb/internal/_flow_graph_nodes_deduction.h
-- Installing: /content/root_src/root_build/include/tbb/internal/_mutex_padding.h
-- Installing: /content/root_src/root_build/include/tbb/internal/_flow_graph_body_impl.h
-- Installing: /content/root_src/root_build/include/tbb/internal/_warning_suppress_enable_notice.h
-- Installing: /content/root_src/root_build/include/tbb/internal/_flow_graph_async_msg_impl.h
-- Installing: /content/root_src/root_build/include/tbb/internal/_x86_rtm_rw_mutex_impl.h
-- Installing: /content/root_src/root_build/include/tbb/internal/_tbb_windef.h
-- Installing: /content/root_src/root_build/include/tbb/internal/_flow_graph_node_impl.h
-- Installing: /content/root_src/root_build/include/tbb/internal/_concurrent_unordered_impl.h
-- Installing: /content/root_src/root_build/include/tbb/internal/_flow_graph_impl.h
-- Installing: /content/root_src/root_build/include/tbb/internal/_flow_graph_item_buffer_impl.h
-- Installing: /content/root_src/root_build/include/tbb/internal/_flow_graph_tagged_buffer_impl.h
-- Installing: /content/root_src/root_build/include/tbb/internal/_allocator_traits.h
-- Installing: /content/root_src/root_build/include/tbb/internal/_tbb_strings.h
-- Installing: /content/root_src/root_build/include/tbb/internal/_tbb_trace_impl.h
-- Installing: /content/root_src/root_build/include/tbb/internal/_concurrent_skip_list_impl.h
-- Installing: /content/root_src/root_build/include/tbb/internal/_flow_graph_node_set_impl.h
-- Installing: /content/root_src/root_build/include/tbb/internal/_template_helpers.h
-- Installing: /content/root_src/root_build/include/tbb/internal/_node_handle_impl.h
-- Installing: /content/root_src/root_build/include/tbb/internal/_aggregator_impl.h
-- Installing: /content/root_src/root_build/include/tbb/concurrent_lru_cache.h
-- Installing: /content/root_src/root_build/include/tbb/flow_graph_opencl_node.h
-- Installing: /content/root_src/root_build/include/tbb/spin_mutex.h
-- Installing: /content/root_src/root_build/include/tbb/compat
-- Installing: /content/root_src/root_build/include/tbb/compat/thread
-- Installing: /content/root_src/root_build/include/tbb/compat/ppl.h
-- Installing: /content/root_src/root_build/include/tbb/compat/condition_variable
-- Installing: /content/root_src/root_build/include/tbb/compat/tuple
-- Installing: /content/root_src/root_build/include/tbb/aligned_space.h
-- Installing: /content/root_src/root_build/include/tbb/mutex.h
-- Installing: /content/root_src/root_build/include/tbb/concurrent_set.h
-- Installing: /content/root_src/root_build/include/tbb/tbb.h
-- Installing: /content/root_src/root_build/include/tbb/blocked_range.h
-- Installing: /content/root_src/root_build/include/tbb/tbb_stddef.h
-- Installing: /content/root_src/root_build/include/tbb/partitioner.h
-- Installing: /content/root_src/root_build/include/tbb/null_rw_mutex.h
-- Installing: /content/root_src/root_build/include/tbb/atomic.h
-- Installing: /content/root_src/root_build/include/tbb/reader_writer_lock.h
-- Installing: /content/root_src/root_build/include/tbb/spin_rw_mutex.h
-- Installing: /content/root_src/root_build/include/tbb/index.html
-- Installing: /content/root_src/root_build/include/tbb/tick_count.h
-- Installing: /content/root_src/root_build/include/tbb/recursive_mutex.h
-- Installing: /content/root_src/root_build/include/tbb/iterators.h
-- Installing: /content/root_src/root_build/include/tbb/parallel_reduce.h
-- Installing: /content/root_src/root_build/include/tbb/task_scheduler_observer.h
-- Installing: /content/root_src/root_build/include/tbb/machine
-- Installing: /content/root_src/root_build/include/tbb/machine/ibm_aix51.h
-- Installing: /content/root_src/root_build/include/tbb/machine/sunos_sparc.h
-- Installing: /content/root_src/root_build/include/tbb/machine/msvc_ia32_common.h
-- Installing: /content/root_src/root_build/include/tbb/machine/gcc_ia32_common.h
-- Installing: /content/root_src/root_build/include/tbb/machine/gcc_itsx.h
-- Installing: /content/root_src/root_build/include/tbb/machine/macos_common.h
-- Installing: /content/root_src/root_build/include/tbb/machine/windows_ia32.h
-- Installing: /content/root_src/root_build/include/tbb/machine/linux_ia32.h
-- Installing: /content/root_src/root_build/include/tbb/machine/gcc_arm.h
-- Installing: /content/root_src/root_build/include/tbb/machine/mac_ppc.h
-- Installing: /content/root_src/root_build/include/tbb/machine/icc_generic.h
-- Installing: /content/root_src/root_build/include/tbb/machine/windows_intel64.h
-- Installing: /content/root_src/root_build/include/tbb/machine/linux_ia64.h
-- Installing: /content/root_src/root_build/include/tbb/machine/linux_common.h
-- Installing: /content/root_src/root_build/include/tbb/machine/msvc_armv7.h
-- Installing: /content/root_src/root_build/include/tbb/machine/windows_api.h
-- Installing: /content/root_src/root_build/include/tbb/machine/gcc_generic.h
-- Installing: /content/root_src/root_build/include/tbb/machine/linux_intel64.h
-- Installing: /content/root_src/root_build/include/tbb/machine/mic_common.h
-- Installing: /content/root_src/root_build/include/tbb/scalable_allocator.h
-- Installing: /content/root_src/root_build/include/tbb/critical_section.h
-- Installing: /content/root_src/root_build/include/tbb/queuing_rw_mutex.h
-- Installing: /content/root_src/root_build/include/tbb/parallel_do.h
-- Installing: /content/root_src/root_build/include/tbb/task_scheduler_init.h
