-- The C compiler identification is GNU 7.5.0
-- The CXX compiler identification is GNU 7.5.0
-- Check for working C compiler: /usr/bin/cc
-- Check for working C compiler: /usr/bin/cc -- works
-- Detecting C compiler ABI info
-- Detecting C compiler ABI info - done
-- Detecting C compile features
-- Detecting C compile features - done
-- Check for working CXX compiler: /usr/bin/c++
-- Check for working CXX compiler: /usr/bin/c++ -- works
-- Detecting CXX compiler ABI info
-- Detecting CXX compiler ABI info - done
-- Detecting CXX compile features
-- Detecting CXX compile features - done
-- Found PythonInterp: /usr/local/bin/python (found version "2.7.17") 
running cd src;/usr/local/bin/python /content/root_src/root_build/VDT-prefix/src/VDT/src/signatures_generator.py   -o /content/root_src/root_build/VDT-prefix/src/VDT/src;cd - 2>&1
/content/root_src/root_build/VDT-prefix/src/VDT-build
-- Libraries are configured as: SHARED
-- Configuring done
-- Generating done
-- Build files have been written to: /content/root_src/root_build/VDT-prefix/src/VDT-build
